[debug] [2020-09-18T15:07:47.535Z] ----------------------------------------------------------------------
[debug] [2020-09-18T15:07:47.596Z] Command:       C:\Program Files\nodejs\node.exe C:\Users\LG\AppData\Roaming\npm\node_modules\firebase-tools\lib\bin\firebase.js emulators:start
[debug] [2020-09-18T15:07:47.596Z] CLI Version:   8.10.0
[debug] [2020-09-18T15:07:47.597Z] Platform:      win32
[debug] [2020-09-18T15:07:47.597Z] Node Version:  v12.16.1
[debug] [2020-09-18T15:07:48.486Z] Time:          Fri Sep 18 2020 12:07:47 GMT-0300 (GMT-03:00)
[debug] [2020-09-18T15:07:48.486Z] ----------------------------------------------------------------------
[debug] [2020-09-18T15:07:48.487Z] 
[debug] [2020-09-18T15:07:48.704Z] > command requires scopes: ["email","openid","https://www.googleapis.com/auth/cloudplatformprojects.readonly","https://www.googleapis.com/auth/firebase","https://www.googleapis.com/auth/cloud-platform"]
[debug] [2020-09-18T15:07:48.706Z] > authorizing via signed-in user
[info] i  emulators: Starting emulators: functions, hosting {"metadata":{"emulator":{"name":"hub"},"message":"Starting emulators: functions, hosting"}}
[debug] [2020-09-18T15:07:50.859Z] [hub] writing locator at C:\Users\LG\AppData\Local\Temp\hub-clone-66464.json
[warn] !  functions: The following emulators are not running, calls to these services from the Functions emulator will affect production: firestore, database, pubsub {"metadata":{"emulator":{"name":"functions"},"message":"The following emulators are not running, calls to these services from the Functions emulator will affect production: \u001b[1mfirestore, database, pubsub\u001b[22m"}}
[warn] !  Your requested "node" version "10" doesn't match your global version "12" {"metadata":{"emulator":{"name":"functions"},"message":"Your requested \"node\" version \"10\" doesn't match your global version \"12\""}}
[debug] [2020-09-18T15:07:54.476Z] defaultcredentials: writing to file C:\Users\LG\AppData\Roaming\firebase\hlima_augusto_gmail.com_application_default_credentials.json
[debug] [2020-09-18T15:07:54.513Z] Setting GAC to C:\Users\LG\AppData\Roaming\firebase\hlima_augusto_gmail.com_application_default_credentials.json {"metadata":{"emulator":{"name":"functions"},"message":"Setting GAC to C:\\Users\\LG\\AppData\\Roaming\\firebase\\hlima_augusto_gmail.com_application_default_credentials.json"}}
[debug] [2020-09-18T15:07:56.544Z] > refreshing access token with scopes: ["email","https://www.googleapis.com/auth/cloud-platform","https://www.googleapis.com/auth/cloudplatformprojects.readonly","https://www.googleapis.com/auth/firebase","openid"]
[debug] [2020-09-18T15:07:56.545Z] >>> HTTP REQUEST POST https://www.googleapis.com/oauth2/v3/token  
 <request body omitted>
[debug] [2020-09-18T15:07:56.908Z] <<< HTTP RESPONSE 200 {"content-type":"application/json; charset=utf-8","vary":"X-Origin, Referer, Origin,Accept-Encoding","date":"Fri, 18 Sep 2020 15:07:56 GMT","server":"scaffolding on HTTPServer2","cache-control":"private","x-xss-protection":"0","x-frame-options":"SAMEORIGIN","x-content-type-options":"nosniff","alt-svc":"h3-Q050=\":443\"; ma=2592000,h3-29=\":443\"; ma=2592000,h3-27=\":443\"; ma=2592000,h3-T051=\":443\"; ma=2592000,h3-T050=\":443\"; ma=2592000,h3-Q046=\":443\"; ma=2592000,h3-Q043=\":443\"; ma=2592000,quic=\":443\"; ma=2592000; v=\"46,43\"","accept-ranges":"none","transfer-encoding":"chunked"}
[debug] [2020-09-18T15:07:57.226Z] >>> HTTP REQUEST GET https://firebase.googleapis.com/v1beta1/projects/clone-66464/webApps/-/config  
 
[debug] [2020-09-18T15:07:58.257Z] <<< HTTP RESPONSE 200 {"content-type":"application/json; charset=UTF-8","vary":"X-Origin, Referer, Origin,Accept-Encoding","date":"Fri, 18 Sep 2020 15:07:57 GMT","server":"ESF","cache-control":"private","x-xss-protection":"0","x-frame-options":"SAMEORIGIN","x-content-type-options":"nosniff","alt-svc":"h3-Q050=\":443\"; ma=2592000,h3-29=\":443\"; ma=2592000,h3-27=\":443\"; ma=2592000,h3-T051=\":443\"; ma=2592000,h3-T050=\":443\"; ma=2592000,h3-Q046=\":443\"; ma=2592000,h3-Q043=\":443\"; ma=2592000,quic=\":443\"; ma=2592000; v=\"46,43\"","accept-ranges":"none","transfer-encoding":"chunked"}
[info] i  hosting: Serving hosting files from: build {"metadata":{"emulator":{"name":"hosting"},"message":"Serving hosting files from: \u001b[1mbuild\u001b[22m"}}
[info] +  hosting: Local server: http://localhost:5000 {"metadata":{"emulator":{"name":"hosting"},"message":"Local server: \u001b[4m\u001b[1mhttp://localhost:5000\u001b[22m\u001b[24m"}}
[debug] [2020-09-18T15:08:04.314Z] Ignoring unsupported arg: auto_download {"metadata":{"emulator":{"name":"ui"},"message":"Ignoring unsupported arg: auto_download"}}
[debug] [2020-09-18T15:08:04.315Z] Ignoring unsupported arg: port {"metadata":{"emulator":{"name":"ui"},"message":"Ignoring unsupported arg: port"}}
[debug] [2020-09-18T15:08:04.315Z] Starting Emulator UI with command {"binary":"node","args":["C:\\Users\\LG\\.cache\\firebase\\emulators\\ui-v1.1.1\\server.bundle.js"],"optionalArgs":[],"joinArgs":false} {"metadata":{"emulator":{"name":"ui"},"message":"Starting Emulator UI with command {\"binary\":\"node\",\"args\":[\"C:\\\\Users\\\\LG\\\\.cache\\\\firebase\\\\emulators\\\\ui-v1.1.1\\\\server.bundle.js\"],\"optionalArgs\":[],\"joinArgs\":false}"}}
[info] i  ui: Emulator UI logging to ui-debug.log {"metadata":{"emulator":{"name":"ui"},"message":"Emulator UI logging to \u001b[1mui-debug.log\u001b[22m"}}
[debug] [2020-09-18T15:08:05.285Z] Web / API server started at http://localhost:4000
 {"metadata":{"emulator":{"name":"ui"},"message":"Web / API server started at http://localhost:4000\n"}}
[info] i  functions: Watching "E:\DADOS\Documents\CURSOS_Dev\Clever_Programmer\Amazon_clone\amazon-clone\functions" for Cloud Functions... {"metadata":{"emulator":{"name":"functions"},"message":"Watching \"E:\\DADOS\\Documents\\CURSOS_Dev\\Clever_Programmer\\Amazon_clone\\amazon-clone\\functions\" for Cloud Functions..."}}
[debug] [2020-09-18T15:08:06.051Z] [worker-pool] addWorker(~diagnostic~) {"metadata":{"emulator":{"name":"functions"},"message":"[worker-pool] addWorker(~diagnostic~)"}}
[debug] [2020-09-18T15:08:06.052Z] [worker-pool] Adding worker with key ~diagnostic~, total=1 {"metadata":{"emulator":{"name":"functions"},"message":"[worker-pool] Adding worker with key ~diagnostic~, total=1"}}
[debug] [2020-09-18T15:08:06.052Z] [worker-pool] submitWork(triggerId=) {"metadata":{"emulator":{"name":"functions"},"message":"[worker-pool] submitWork(triggerId=)"}}
[debug] [2020-09-18T15:08:06.052Z] [worker-~diagnostic~-3b034726-fd6e-4945-8141-3744905b7680]: Assigning socketPath: \\?\pipe\E:\DADOS\Documents\CURSOS_Dev\Clever_Programmer\Amazon_clone\amazon-clone\functions\11320 {"metadata":{"emulator":{"name":"functions"},"message":"[worker-~diagnostic~-3b034726-fd6e-4945-8141-3744905b7680]: Assigning socketPath: \\\\?\\pipe\\E:\\DADOS\\Documents\\CURSOS_Dev\\Clever_Programmer\\Amazon_clone\\amazon-clone\\functions\\11320"}}
[debug] [2020-09-18T15:08:06.053Z] [worker-~diagnostic~-3b034726-fd6e-4945-8141-3744905b7680]: BUSY {"metadata":{"emulator":{"name":"functions"},"message":"[worker-~diagnostic~-3b034726-fd6e-4945-8141-3744905b7680]: BUSY"}}
[debug] [2020-09-18T15:08:17.088Z] [runtime-status] [11320] Functions runtime initialized. {"cwd":"E:\\DADOS\\Documents\\CURSOS_Dev\\Clever_Programmer\\Amazon_clone\\amazon-clone\\functions","node_version":"12.16.1"} {"metadata":{"emulator":{"name":"functions"},"message":"[runtime-status] [11320] Functions runtime initialized. {\"cwd\":\"E:\\\\DADOS\\\\Documents\\\\CURSOS_Dev\\\\Clever_Programmer\\\\Amazon_clone\\\\amazon-clone\\\\functions\",\"node_version\":\"12.16.1\"}"}}
[debug] [2020-09-18T15:08:17.089Z] [runtime-status] [11320] Disabled runtime features: undefined {"metadata":{"emulator":{"name":"functions"},"message":"[runtime-status] [11320] Disabled runtime features: undefined"}}
[debug] [2020-09-18T15:08:17.208Z] [runtime-status] [11320] Resolved module firebase-admin {"declared":true,"installed":true,"version":"8.13.0","resolution":"E:\\DADOS\\Documents\\CURSOS_Dev\\Clever_Programmer\\Amazon_clone\\amazon-clone\\functions\\node_modules\\firebase-admin\\lib\\index.js"} {"metadata":{"emulator":{"name":"functions"},"message":"[runtime-status] [11320] Resolved module firebase-admin {\"declared\":true,\"installed\":true,\"version\":\"8.13.0\",\"resolution\":\"E:\\\\DADOS\\\\Documents\\\\CURSOS_Dev\\\\Clever_Programmer\\\\Amazon_clone\\\\amazon-clone\\\\functions\\\\node_modules\\\\firebase-admin\\\\lib\\\\index.js\"}"}}
[debug] [2020-09-18T15:08:17.368Z] [runtime-status] [11320] Resolved module firebase-functions {"declared":true,"installed":true,"version":"3.11.0","resolution":"E:\\DADOS\\Documents\\CURSOS_Dev\\Clever_Programmer\\Amazon_clone\\amazon-clone\\functions\\node_modules\\firebase-functions\\lib\\index.js"} {"metadata":{"emulator":{"name":"functions"},"message":"[runtime-status] [11320] Resolved module firebase-functions {\"declared\":true,\"installed\":true,\"version\":\"3.11.0\",\"resolution\":\"E:\\\\DADOS\\\\Documents\\\\CURSOS_Dev\\\\Clever_Programmer\\\\Amazon_clone\\\\amazon-clone\\\\functions\\\\node_modules\\\\firebase-functions\\\\lib\\\\index.js\"}"}}
[debug] [2020-09-18T15:08:17.370Z] [runtime-status] [11320] Resolved module firebase-functions {"declared":true,"installed":true,"version":"3.11.0","resolution":"E:\\DADOS\\Documents\\CURSOS_Dev\\Clever_Programmer\\Amazon_clone\\amazon-clone\\functions\\node_modules\\firebase-functions\\lib\\index.js"} {"metadata":{"emulator":{"name":"functions"},"message":"[runtime-status] [11320] Resolved module firebase-functions {\"declared\":true,\"installed\":true,\"version\":\"3.11.0\",\"resolution\":\"E:\\\\DADOS\\\\Documents\\\\CURSOS_Dev\\\\Clever_Programmer\\\\Amazon_clone\\\\amazon-clone\\\\functions\\\\node_modules\\\\firebase-functions\\\\lib\\\\index.js\"}"}}
[debug] [2020-09-18T15:08:17.373Z] [runtime-status] [11320] Outgoing network have been stubbed. [{"name":"http","status":"mocked"},{"name":"http","status":"mocked"},{"name":"https","status":"mocked"},{"name":"https","status":"mocked"},{"name":"net","status":"mocked"}] {"metadata":{"emulator":{"name":"functions"},"message":"[runtime-status] [11320] Outgoing network have been stubbed. [{\"name\":\"http\",\"status\":\"mocked\"},{\"name\":\"http\",\"status\":\"mocked\"},{\"name\":\"https\",\"status\":\"mocked\"},{\"name\":\"https\",\"status\":\"mocked\"},{\"name\":\"net\",\"status\":\"mocked\"}]"}}
[debug] [2020-09-18T15:08:17.375Z] [runtime-status] [11320] Resolved module firebase-functions {"declared":true,"installed":true,"version":"3.11.0","resolution":"E:\\DADOS\\Documents\\CURSOS_Dev\\Clever_Programmer\\Amazon_clone\\amazon-clone\\functions\\node_modules\\firebase-functions\\lib\\index.js"} {"metadata":{"emulator":{"name":"functions"},"message":"[runtime-status] [11320] Resolved module firebase-functions {\"declared\":true,\"installed\":true,\"version\":\"3.11.0\",\"resolution\":\"E:\\\\DADOS\\\\Documents\\\\CURSOS_Dev\\\\Clever_Programmer\\\\Amazon_clone\\\\amazon-clone\\\\functions\\\\node_modules\\\\firebase-functions\\\\lib\\\\index.js\"}"}}
[debug] [2020-09-18T15:08:21.424Z] [runtime-status] [11320] Checked functions.config() {"config":{}} {"metadata":{"emulator":{"name":"functions"},"message":"[runtime-status] [11320] Checked functions.config() {\"config\":{}}"}}
[debug] [2020-09-18T15:08:21.425Z] [runtime-status] [11320] firebase-functions has been stubbed. {"functionsResolution":{"declared":true,"installed":true,"version":"3.11.0","resolution":"E:\\DADOS\\Documents\\CURSOS_Dev\\Clever_Programmer\\Amazon_clone\\amazon-clone\\functions\\node_modules\\firebase-functions\\lib\\index.js"}} {"metadata":{"emulator":{"name":"functions"},"message":"[runtime-status] [11320] firebase-functions has been stubbed. {\"functionsResolution\":{\"declared\":true,\"installed\":true,\"version\":\"3.11.0\",\"resolution\":\"E:\\\\DADOS\\\\Documents\\\\CURSOS_Dev\\\\Clever_Programmer\\\\Amazon_clone\\\\amazon-clone\\\\functions\\\\node_modules\\\\firebase-functions\\\\lib\\\\index.js\"}}"}}
[debug] [2020-09-18T15:08:21.428Z] [runtime-status] [11320] Resolved module firebase-functions {"declared":true,"installed":true,"version":"3.11.0","resolution":"E:\\DADOS\\Documents\\CURSOS_Dev\\Clever_Programmer\\Amazon_clone\\amazon-clone\\functions\\node_modules\\firebase-functions\\lib\\index.js"} {"metadata":{"emulator":{"name":"functions"},"message":"[runtime-status] [11320] Resolved module firebase-functions {\"declared\":true,\"installed\":true,\"version\":\"3.11.0\",\"resolution\":\"E:\\\\DADOS\\\\Documents\\\\CURSOS_Dev\\\\Clever_Programmer\\\\Amazon_clone\\\\amazon-clone\\\\functions\\\\node_modules\\\\firebase-functions\\\\lib\\\\index.js\"}"}}
[debug] [2020-09-18T15:08:21.432Z] [runtime-status] [11320] Resolved module firebase-admin {"declared":true,"installed":true,"version":"8.13.0","resolution":"E:\\DADOS\\Documents\\CURSOS_Dev\\Clever_Programmer\\Amazon_clone\\amazon-clone\\functions\\node_modules\\firebase-admin\\lib\\index.js"} {"metadata":{"emulator":{"name":"functions"},"message":"[runtime-status] [11320] Resolved module firebase-admin {\"declared\":true,\"installed\":true,\"version\":\"8.13.0\",\"resolution\":\"E:\\\\DADOS\\\\Documents\\\\CURSOS_Dev\\\\Clever_Programmer\\\\Amazon_clone\\\\amazon-clone\\\\functions\\\\node_modules\\\\firebase-admin\\\\lib\\\\index.js\"}"}}
[debug] [2020-09-18T15:08:21.461Z] [runtime-status] [11320] Resolved module firebase-functions {"declared":true,"installed":true,"version":"3.11.0","resolution":"E:\\DADOS\\Documents\\CURSOS_Dev\\Clever_Programmer\\Amazon_clone\\amazon-clone\\functions\\node_modules\\firebase-functions\\lib\\index.js"} {"metadata":{"emulator":{"name":"functions"},"message":"[runtime-status] [11320] Resolved module firebase-functions {\"declared\":true,\"installed\":true,\"version\":\"3.11.0\",\"resolution\":\"E:\\\\DADOS\\\\Documents\\\\CURSOS_Dev\\\\Clever_Programmer\\\\Amazon_clone\\\\amazon-clone\\\\functions\\\\node_modules\\\\firebase-functions\\\\lib\\\\index.js\"}"}}
[debug] [2020-09-18T15:08:21.462Z] [runtime-status] [11320] firebase-admin has been stubbed. {"adminResolution":{"declared":true,"installed":true,"version":"8.13.0","resolution":"E:\\DADOS\\Documents\\CURSOS_Dev\\Clever_Programmer\\Amazon_clone\\amazon-clone\\functions\\node_modules\\firebase-admin\\lib\\index.js"}} {"metadata":{"emulator":{"name":"functions"},"message":"[runtime-status] [11320] firebase-admin has been stubbed. {\"adminResolution\":{\"declared\":true,\"installed\":true,\"version\":\"8.13.0\",\"resolution\":\"E:\\\\DADOS\\\\Documents\\\\CURSOS_Dev\\\\Clever_Programmer\\\\Amazon_clone\\\\amazon-clone\\\\functions\\\\node_modules\\\\firebase-admin\\\\lib\\\\index.js\"}}"}}
[info] +  functions[api]: http function initialized (http://localhost:5001/clone-66464/us-central1/api). {"metadata":{"emulator":{"name":"functions"},"message":"\u001b[1mhttp\u001b[22m function initialized (http://localhost:5001/clone-66464/us-central1/api)."}}
[info] 
┌───────────────────────────────────────────────────────────────────────┐
│ ✔  All emulators ready! View status and logs at http://localhost:4000 │
└───────────────────────────────────────────────────────────────────────┘

┌───────────┬────────────────┬─────────────────────────────────┐
│ Emulator  │ Host:Port      │ View in Emulator UI             │
├───────────┼────────────────┼─────────────────────────────────┤
│ Functions │ localhost:5001 │ http://localhost:4000/functions │
├───────────┼────────────────┼─────────────────────────────────┤
│ Hosting   │ localhost:5000 │ n/a                             │
└───────────┴────────────────┴─────────────────────────────────┘
  Other reserved ports: 4400, 4500

Issues? Report them at https://github.com/firebase/firebase-tools/issues and attach the *-debug.log files.
 
[debug] [2020-09-18T15:08:35.752Z] [worker-~diagnostic~-3b034726-fd6e-4945-8141-3744905b7680]: IDLE {"metadata":{"emulator":{"name":"functions"},"message":"[worker-~diagnostic~-3b034726-fd6e-4945-8141-3744905b7680]: IDLE"}}
